c:\users\77035\source\repos\file_transmission\src\server\debug\vc142.pdb
c:\users\77035\source\repos\file_transmission\src\server\debug\vc142.idb
c:\users\77035\source\repos\file_transmission\src\server\debug\zip.obj
c:\users\77035\source\repos\file_transmission\src\server\debug\server.obj
c:\users\77035\source\repos\file_transmission\src\server\debug\main.obj
c:\users\77035\source\repos\file_transmission\src\server\debug\packet_load.obj
c:\users\77035\source\repos\file_transmission\src\server\debug\file.obj
c:\users\77035\source\repos\file_transmission\src\server\debug\zutil.obj
c:\users\77035\source\repos\file_transmission\src\server\debug\uncompr.obj
c:\users\77035\source\repos\file_transmission\src\server\debug\trees.obj
c:\users\77035\source\repos\file_transmission\src\server\debug\inftrees.obj
c:\users\77035\source\repos\file_transmission\src\server\debug\inflate.obj
c:\users\77035\source\repos\file_transmission\src\server\debug\inffast.obj
c:\users\77035\source\repos\file_transmission\src\server\debug\infback.obj
c:\users\77035\source\repos\file_transmission\src\server\debug\gzwrite.obj
c:\users\77035\source\repos\file_transmission\src\server\debug\gzread.obj
c:\users\77035\source\repos\file_transmission\src\server\debug\gzlib.obj
c:\users\77035\source\repos\file_transmission\src\server\debug\gzclose.obj
c:\users\77035\source\repos\file_transmission\src\server\debug\deflate.obj
c:\users\77035\source\repos\file_transmission\src\server\debug\crc32.obj
c:\users\77035\source\repos\file_transmission\src\server\debug\compress.obj
c:\users\77035\source\repos\file_transmission\src\server\debug\adler32.obj
c:\users\77035\source\repos\file_transmission\bin\server-win.ilk
c:\users\77035\source\repos\file_transmission\bin\server-win.exe
c:\users\77035\source\repos\file_transmission\bin\server-win.pdb
c:\users\77035\source\repos\file_transmission\src\..\bin\server-win.pdb
c:\users\77035\source\repos\file_transmission\src\..\bin\server-win.exe
c:\users\77035\source\repos\file_transmission\src\..\bin\server-win.ilk
c:\users\77035\source\repos\file_transmission\src\server\debug\server.tlog\cl.command.1.tlog
c:\users\77035\source\repos\file_transmission\src\server\debug\server.tlog\cl.read.1.tlog
c:\users\77035\source\repos\file_transmission\src\server\debug\server.tlog\cl.write.1.tlog
c:\users\77035\source\repos\file_transmission\src\server\debug\server.tlog\link.command.1.tlog
c:\users\77035\source\repos\file_transmission\src\server\debug\server.tlog\link.read.1.tlog
c:\users\77035\source\repos\file_transmission\src\server\debug\server.tlog\link.write.1.tlog
