  file.cpp
  packet_load.cpp
C:\Users\77035\source\repos\File_Transmission\src\src\file.cpp(68,19): warning C4244: “=”: 从“double”转换到“int”，可能丢失数据
C:\Users\77035\source\repos\File_Transmission\src\include\base.h(5,1): warning C4005: “_CRT_SECURE_NO_WARNINGS”: 宏重定义
  main.cpp
C:\Users\77035\source\repos\File_Transmission\src\src\packet_load.cpp : message : 参见“_CRT_SECURE_NO_WARNINGS”的前一个定义
C:\Users\77035\source\repos\File_Transmission\src\include\base.h(5,1): warning C4005: “_CRT_SECURE_NO_WARNINGS”: 宏重定义
  Server.cpp
C:\Users\77035\source\repos\File_Transmission\src\src\Server\main.cpp : message : 参见“_CRT_SECURE_NO_WARNINGS”的前一个定义
C:\Users\77035\source\repos\File_Transmission\src\include\base.h(5,1): warning C4005: “_CRT_SECURE_NO_WARNINGS”: 宏重定义
C:\Users\77035\source\repos\File_Transmission\src\src\Server\Server.cpp : message : 参见“_CRT_SECURE_NO_WARNINGS”的前一个定义
C:\Users\77035\source\repos\File_Transmission\src\src\Server\Server.cpp(111,6): warning C4101: “total_length”: 未引用的局部变量
C:\Users\77035\source\repos\File_Transmission\src\src\Server\Server.cpp(376,11): warning C4018: “<”: 有符号/无符号不匹配
C:\Users\77035\source\repos\File_Transmission\src\src\Server\Server.cpp(379,11): warning C4018: “<”: 有符号/无符号不匹配
C:\Users\77035\source\repos\File_Transmission\src\src\Server\Server.cpp(382,11): warning C4018: “<”: 有符号/无符号不匹配
C:\Users\77035\source\repos\File_Transmission\src\src\Server\Server.cpp(395,21): warning C4018: “<”: 有符号/无符号不匹配
  zip.cpp
C:\Users\77035\source\repos\File_Transmission\src\src\Server\Server.cpp(457,9): warning C4101: “offset”: 未引用的局部变量
  正在生成代码...
C:\Users\77035\source\repos\File_Transmission\src\src\zip.cpp(24,12): warning C4305: “return”: 从“int”到“bool”截断
  adler32.c
  compress.c
  crc32.c
  deflate.c
  gzclose.c
  gzlib.c
  gzread.c
  gzwrite.c
  infback.c
  inffast.c
  inflate.c
  inftrees.c
  trees.c
  uncompr.c
  zutil.c
  正在生成代码...
  Server.vcxproj -> C:\Users\77035\source\repos\File_Transmission\src\..\bin\Server-win.exe
